File list directory: ./other/
Base directory for documents: 
Save directory: iVectors/nomap200resizeReset/
Threads available: 8
Limit features by square root: 1
Seed for T-matrix generation: 23
iVector size: 200
height: 205379
Save feature space to 
Use different sets for T and classifier training 0
48.1088 - Fetched 3779 train docs
54.0225 - Fetched 1515 devtest docs
54.4837 - ---update T with width 50---
242.244 - Done traindocs init
317.719 - Done devtest docs init
411.373 - Train likelihood -26508.7
411.374 - Devtest likelihood -3350.59
411.377 - ---Start step 1---

626.569 - Updated t rows
815.25 - Updated train iVectors
890.557 - Updated devtest iVectors
983.865 - Train avg likelihood -25939.6
983.865 - Devtest avg likelihood -3297.59
983.869 - Train avg distance 0.200187
983.871 - Devtest avg distance 0.326214
983.873 - ---Start step 2---

1198.96 - Updated t rows
1387.25 - Updated train iVectors
1462.4 - Updated devtest iVectors
1555.89 - Train avg likelihood -25701.1
1555.9 - Devtest avg likelihood -3258.2
1555.9 - Train avg distance 0.123339
1555.9 - Devtest avg distance 0.202305
1555.91 - Finished t-training
1556.34 - Expanded dimension


1556.34 - ---update T with width 100---
2130.34 - Done traindocs init
2361.47 - Done devtest docs init
2545.31 - Train likelihood -25948.5
2545.31 - Devtest likelihood -3275.9
2545.31 - ---Start step 1---

3185.08 - Updated t rows
3758.49 - Updated train iVectors
3988.69 - Updated devtest iVectors
4172.32 - Train avg likelihood -25387.9
4172.32 - Devtest avg likelihood -3231.16
4172.32 - Train avg distance 0.159155
4172.33 - Devtest avg distance 0.245744
4172.33 - ---Start step 2---

4813.23 - Updated t rows
5386.51 - Updated train iVectors
5616.65 - Updated devtest iVectors
5799.46 - Train avg likelihood -25216.8
5799.46 - Devtest avg likelihood -3222.83
5799.46 - Train avg distance 0.0724143
5799.47 - Devtest avg distance 0.148972
5799.47 - Finished t-training
5800.09 - Expanded dimension


5800.09 - ---update T with width 150---
6973.54 - Done traindocs init
7445.65 - Done devtest docs init
7709.7 - Train likelihood -25740.6
7709.7 - Devtest likelihood -3254.81
7709.71 - ---Start step 1---

9004.65 - Updated t rows
10177.7 - Updated train iVectors
10648 - Updated devtest iVectors
10911.8 - Train avg likelihood -25052.8
10911.8 - Devtest avg likelihood -3202.37
10911.8 - Train avg distance 0.14355
10911.9 - Devtest avg distance 0.247089
10911.9 - ---Start step 2---

12205.9 - Updated t rows
13377.8 - Updated train iVectors
13847.6 - Updated devtest iVectors
14112.3 - Train avg likelihood -24848.3
14112.3 - Devtest avg likelihood -3205.98
14112.3 - Train avg distance 0.0647838
14112.3 - Devtest avg distance 0.137029
14112.3 - Overtrained, using previous t-Matrix;
14112.4 - Finished t-training
14113.2 - Expanded dimension


14113.2 - ---update T with width 200---
16100.6 - Done traindocs init
16899.8 - Done devtest docs init
17244.8 - Train likelihood -25597.3
17244.8 - Devtest likelihood -3235.33
17244.8 - ---Start step 1---

19425.3 - Updated t rows
21409.9 - Updated train iVectors
22206.9 - Updated devtest iVectors
22552 - Train avg likelihood -24823.2
22552 - Devtest avg likelihood -3173.86
22552 - Train avg distance 0.14199
22552 - Devtest avg distance 0.256854
22552 - ---Start step 2---

24732.5 - Updated t rows
26718 - Updated train iVectors
27515.9 - Updated devtest iVectors
27860.8 - Train avg likelihood -24572.1
27860.8 - Devtest avg likelihood -3177.69
27860.8 - Train avg distance 0.0675198
27860.8 - Devtest avg distance 0.14088
27860.8 - Overtrained, using previous t-Matrix;
27860.9 - Finished t-training
27864.6 - Fetched 1280 evltest docs
27865.7 - Ready for reset loop



27865.7 - --Start step 1--

29855.6 - Train updated
30654.1 - Devtest updated
31329 - Evltest updated
31576.9 - Train likelihood -25487.3
31674 - Devtest likelihood -3231.72
31755.9 - Evltest likelihood -2196.48
31756 - Train distance 0.167435
31756 - Devtest distance 0.195789
31756 - Test distance 0.219636
31758.7 - docs saved
31758.7 - --Start step 2--

33748.3 - Train updated
34547 - Devtest updated
35222.7 - Evltest updated
35469.4 - Train likelihood -24976.3
35566 - Devtest likelihood -3175.67
35647.6 - Evltest likelihood -2144.35
35647.6 - Train distance 0.158862
35647.6 - Devtest distance 0.14232
35647.6 - Test distance 0.181697
35649.6 - docs saved
35649.6 - --Start step 3--

37637.6 - Train updated
38494.8 - Devtest updated
39285.5 - Evltest updated
39551.1 - Train likelihood -24810.8
39655 - Devtest likelihood -3157.06
39743 - Evltest likelihood -2125.21
39743 - Train distance 0.103887
39743 - Devtest distance 0.0792827
39743 - Test distance 0.113532
39745.8 - docs saved
39745.8 - --Start step 4--

41988.9 - Train updated
42900.2 - Devtest updated
43669 - Evltest updated
43925.3 - Train likelihood -24765.2
44029.2 - Devtest likelihood -3149.99
44116.8 - Evltest likelihood -2117.87
44116.9 - Train distance 0.0456692
44116.9 - Devtest distance 0.044887
44116.9 - Test distance 0.0644675
44119 - docs saved
44119 - --Start step 5--

46229.7 - Train updated
47040.4 - Devtest updated
47714.2 - Evltest updated
47960.8 - Train likelihood -24747.3
48057.5 - Devtest likelihood -3146.68
48139 - Evltest likelihood -2114.41
48139 - Train distance 0.0196679
48139 - Devtest distance 0.0280614
48139 - Test distance 0.0392075
48141 - docs saved
48141 - --Start step 6--

50129 - Train updated
50926.8 - Devtest updated
51602 - Evltest updated
51848.4 - Train likelihood -24737.6
51944.9 - Devtest likelihood -3144.88
52026.3 - Evltest likelihood -2112.5
52026.3 - Train distance 0.0097067
52026.3 - Devtest distance 0.0188813
52026.3 - Test distance 0.0265376
52028.4 - docs saved
52028.4 - --Start step 7--

54115.5 - Train updated
55019 - Devtest updated
55783.1 - Evltest updated
56041.3 - Train likelihood -24731
56142.3 - Devtest likelihood -3143.8
56227.6 - Evltest likelihood -2111.34
56227.6 - Train distance 0.00553409
56227.6 - Devtest distance 0.0133067
56227.6 - Test distance 0.0193618
56230.4 - docs saved
56230.4 - --Start step 8--

58404.8 - Train updated
59201.9 - Devtest updated
59875.6 - Evltest updated
60122.6 - Train likelihood -24726.3
60220.4 - Devtest likelihood -3143.11
60302.4 - Evltest likelihood -2110.59
60302.4 - Train distance 0.00376256
60302.4 - Devtest distance 0.00969132
60302.4 - Test distance 0.015071
60305.1 - docs saved
60305.1 - --Start step 9--

62293.6 - Train updated
63094 - Devtest updated
63769.5 - Evltest updated
64015.9 - Train likelihood -24722.7
64112.4 - Devtest likelihood -3142.65
64193.9 - Evltest likelihood -2110.08
64193.9 - Train distance 0.00297846
64193.9 - Devtest distance 0.00724228
64193.9 - Test distance 0.0125176
64195.9 - docs saved
64195.9 - All done

