File list directory: ./other/
Base directory for documents: 
Save directory: iVectors/nomap200hybReset/
Threads available: 8
Limit features by square root: 1
Seed for T-matrix generation: 23
iVector size: 200
height: 205379
Use different sets for T and classifier training 0
41.099 - Fetched 3779 train docs
44.4851 - Fetched 1515 devtest docs
45.6518 - Done space setup
2560.86 - Done traindocs init
3540.6 - Done devtest docs init
3896.67 - Train likelihood -26456.7
3896.69 - Devtest likelihood -3302.89
3896.69 - ---Start step 1---

6448.16 - Updated t rows
8728.39 - Updated train iVectors
9708.59 - Updated devtest iVectors
10075.8 - Train avg likelihood -25653.9
10075.8 - Devtest avg likelihood -3238.04
10075.8 - ---Start step 2---

12712.2 - Updated t rows
15125.8 - Updated train iVectors
16015.8 - Updated devtest iVectors
16370.5 - Train avg likelihood -25494.7
16370.5 - Devtest avg likelihood -3230.25
16370.5 - ---Start step 3---

18790.5 - Updated t rows
20994.7 - Updated train iVectors
21881.7 - Updated devtest iVectors
22222 - Train avg likelihood -25460.1
22222 - Devtest avg likelihood -3229.58
22222 - ---Start step 4---

24634.1 - Updated t rows
26844.6 - Updated train iVectors
27730.9 - Updated devtest iVectors
28086 - Train avg likelihood -25445
28086 - Devtest avg likelihood -3229.17
28086 - ---Start step 5---

30522 - Updated t rows
32943 - Updated train iVectors
33894.3 - Updated devtest iVectors
34261.5 - Train avg likelihood -24717.8
34261.5 - Devtest avg likelihood -3153.78
34261.5 - Train avg distance 0.0327803
34261.5 - Devtest avg distance 0.0265975
34261.5 - ---Start step 6---

36905.9 - Updated t rows
39197.9 - Updated train iVectors
40081.3 - Updated devtest iVectors
40421.8 - Train avg likelihood -24490.3
40421.8 - Devtest avg likelihood -3154.23
40421.8 - Train avg distance 0.0148294
40421.8 - Devtest avg distance 0.0178544
40421.8 - Overtrained, using previous t-Matrix;
40421.9 - Finished t-training
40465.4 - Fetched 1280 evltest docs
40466.5 - Ready for reset loop



40466.5 - --Start step 1--

42680.6 - Train updated
43554.2 - Devtest updated
44298.3 - Evltest updated
44550.6 - Train likelihood -25434.8
44647.4 - Devtest likelihood -3228.73
44728.2 - Evltest likelihood -2194.32
44728.2 - Train distance 0.0540733
44728.2 - Devtest distance 0.0587703
44728.2 - Test distance 0.063467
44730.9 - docs saved
44730.9 - --Start step 2--

46909.4 - Train updated
47795.4 - Devtest updated
48507.3 - Evltest updated
48758 - Train likelihood -24889.2
48855.1 - Devtest likelihood -3170.94
48937 - Evltest likelihood -2140.56
48937 - Train distance 0.0492835
48937 - Devtest distance 0.043191
48937 - Test distance 0.0530594
48939.7 - docs saved
48939.7 - --Start step 3--

51086.4 - Train updated
51922.4 - Devtest updated
52594.7 - Evltest updated
52843.5 - Train likelihood -24714
52941 - Devtest likelihood -3152.02
53023.3 - Evltest likelihood -2120.78
53023.3 - Train distance 0.032085
53023.3 - Devtest distance 0.0237542
53023.3 - Test distance 0.0337765
53025.3 - docs saved
53025.3 - --Start step 4--

55003.8 - Train updated
55798.3 - Devtest updated
56470 - Evltest updated
56719 - Train likelihood -24670.4
56816.6 - Devtest likelihood -3145.04
56898.9 - Evltest likelihood -2113.28
56898.9 - Train distance 0.0138671
56898.9 - Devtest distance 0.0126769
56898.9 - Test distance 0.0188168
56901.7 - docs saved
56901.7 - --Start step 5--

58879.9 - Train updated
59674.3 - Devtest updated
60345.8 - Evltest updated
60594.6 - Train likelihood -24656.6
60692.1 - Devtest likelihood -3141.9
60774.3 - Evltest likelihood -2109.87
60774.3 - Train distance 0.00572563
60774.3 - Devtest distance 0.00749643
60774.3 - Test distance 0.0107893
60776.5 - docs saved
60776.5 - --Start step 6--

62755.4 - Train updated
63549.9 - Devtest updated
64222.4 - Evltest updated
64471.3 - Train likelihood -24650.4
64568.6 - Devtest likelihood -3140.27
64650.7 - Evltest likelihood -2108.05
64650.7 - Train distance 0.00271315
64650.7 - Devtest distance 0.0049017
64650.7 - Test distance 0.00701288
64652.8 - docs saved
64652.8 - --Start step 7--

66629.3 - Train updated
67423.8 - Devtest updated
68095.5 - Evltest updated
68342.6 - Train likelihood -24646.6
68439.4 - Devtest likelihood -3139.34
68521.1 - Evltest likelihood -2106.98
68521.1 - Train distance 0.00157059
68521.1 - Devtest distance 0.0034238
68521.1 - Test distance 0.00506389
68523.1 - docs saved
68523.1 - --Start step 8--

70501.3 - Train updated
71339.2 - Devtest updated
72051.2 - Evltest updated
72300.1 - Train likelihood -24644
72397.6 - Devtest likelihood -3138.77
72479.9 - Evltest likelihood -2106.32
72479.9 - Train distance 0.00116627
72479.9 - Devtest distance 0.00250403
72479.9 - Test distance 0.00395838
72481.9 - docs saved
72481.9 - --Start step 9--

74607.3 - Train updated
75402.1 - Devtest updated
76073.2 - Evltest updated
76322.1 - Train likelihood -24641.9
76419.6 - Devtest likelihood -3138.39
76501.9 - Evltest likelihood -2105.88
76501.9 - Train distance 0.00100957
76501.9 - Devtest distance 0.0018982
76501.9 - Test distance 0.00329527
76503.9 - docs saved
76503.9 - All done

